  [1m[35m (0.7ms)[0m  [1m[35mCREATE TABLE "schema_migrations" ("version" varchar NOT NULL PRIMARY KEY)[0m
  [1m[35m (0.3ms)[0m  [1m[35mCREATE TABLE "ar_internal_metadata" ("key" varchar NOT NULL PRIMARY KEY, "value" varchar, "created_at" datetime(6) NOT NULL, "updated_at" datetime(6) NOT NULL)[0m
  [1m[36mActiveRecord::InternalMetadata Load (0.2ms)[0m  [1m[34mSELECT * FROM "ar_internal_metadata" WHERE "ar_internal_metadata"."key" = ? ORDER BY "ar_internal_metadata"."key" ASC LIMIT 1[0m  [[nil, "environment"]]
  [1m[36mActiveRecord::InternalMetadata Create (0.2ms)[0m  [1m[32mINSERT INTO "ar_internal_metadata" ("key", "value", "created_at", "updated_at") VALUES ('environment', 'development', '2025-04-21 10:51:52.149614', '2025-04-21 10:51:52.149618') RETURNING "key"[0m
  [1m[36mActiveRecord::SchemaMigration Load (0.1ms)[0m  [1m[34mSELECT "schema_migrations"."version" FROM "schema_migrations" ORDER BY "schema_migrations"."version" ASC[0m
Migrating to CreateProjects (20250421100018)
  [1m[36mTRANSACTION (0.1ms)[0m  [1m[36mbegin transaction[0m
  [1m[35m (14.0ms)[0m  [1m[35mCREATE TABLE "projects" ("id" integer PRIMARY KEY AUTOINCREMENT NOT NULL, "title" varchar, "description" text, "created_at" datetime(6) NOT NULL, "updated_at" datetime(6) NOT NULL)[0m
  [1m[36mActiveRecord::SchemaMigration Create (0.1ms)[0m  [1m[32mINSERT INTO "schema_migrations" ("version") VALUES ('20250421100018') RETURNING "version"[0m
  [1m[36mTRANSACTION (0.2ms)[0m  [1m[36mcommit transaction[0m
Migrating to CreateSections (20250421100059)
  [1m[36mTRANSACTION (0.0ms)[0m  [1m[36mbegin transaction[0m
  [1m[35m (1.4ms)[0m  [1m[35mCREATE TABLE "sections" ("id" integer PRIMARY KEY AUTOINCREMENT NOT NULL, "title" varchar, "project_id" integer NOT NULL, "created_at" datetime(6) NOT NULL, "updated_at" datetime(6) NOT NULL, CONSTRAINT "fk_rails_e5a4169202"
FOREIGN KEY ("project_id")
  REFERENCES "projects" ("id")
)[0m
  [1m[35m (0.2ms)[0m  [1m[35mCREATE INDEX "index_sections_on_project_id" ON "sections" ("project_id")[0m
  [1m[36mActiveRecord::SchemaMigration Create (0.1ms)[0m  [1m[32mINSERT INTO "schema_migrations" ("version") VALUES ('20250421100059') RETURNING "version"[0m
  [1m[36mTRANSACTION (0.2ms)[0m  [1m[36mcommit transaction[0m
Migrating to CreateTasks (20250421100621)
  [1m[36mTRANSACTION (0.1ms)[0m  [1m[36mbegin transaction[0m
  [1m[35m (2.2ms)[0m  [1m[35mCREATE TABLE "tasks" ("id" integer PRIMARY KEY AUTOINCREMENT NOT NULL, "title" varchar, "description" text, "status" varchar, "due_date" date, "project_id" integer NOT NULL, "section_id" integer NOT NULL, "created_at" datetime(6) NOT NULL, "updated_at" datetime(6) NOT NULL, CONSTRAINT "fk_rails_02e851e3b7"
FOREIGN KEY ("project_id")
  REFERENCES "projects" ("id")
, CONSTRAINT "fk_rails_66797a9001"
FOREIGN KEY ("section_id")
  REFERENCES "sections" ("id")
)[0m
  [1m[35m (0.2ms)[0m  [1m[35mCREATE INDEX "index_tasks_on_project_id" ON "tasks" ("project_id")[0m
  [1m[35m (0.2ms)[0m  [1m[35mCREATE INDEX "index_tasks_on_section_id" ON "tasks" ("section_id")[0m
  [1m[36mActiveRecord::SchemaMigration Create (0.1ms)[0m  [1m[32mINSERT INTO "schema_migrations" ("version") VALUES ('20250421100621') RETURNING "version"[0m
  [1m[36mTRANSACTION (0.2ms)[0m  [1m[36mcommit transaction[0m
  [1m[36mActiveRecord::SchemaMigration Load (0.1ms)[0m  [1m[34mSELECT "schema_migrations"."version" FROM "schema_migrations" ORDER BY "schema_migrations"."version" ASC[0m
Started GET "/" for ::1 at 2025-04-21 14:30:55 +0200
  [1m[36mActiveRecord::SchemaMigration Load (0.5ms)[0m  [1m[34mSELECT "schema_migrations"."version" FROM "schema_migrations" ORDER BY "schema_migrations"."version" ASC[0m
Processing by HomeController#index as HTML
Completed 500 Internal Server Error in 31ms (ActiveRecord: 0.0ms | Allocations: 9793)


  
ArgumentError (Unknown validator: 'OptionalValidator'):
  
app/models/task.rb:7:in `<class:Task>'
app/models/task.rb:1:in `<main>'
app/controllers/home_controller.rb:3:in `index'
Started GET "/" for ::1 at 2025-04-21 14:30:56 +0200
Processing by HomeController#index as HTML
Completed 500 Internal Server Error in 2ms (ActiveRecord: 0.0ms | Allocations: 1266)


  
ArgumentError (Unknown validator: 'OptionalValidator'):
  
app/models/task.rb:7:in `<class:Task>'
app/models/task.rb:1:in `<main>'
app/controllers/home_controller.rb:3:in `index'
Started GET "/" for ::1 at 2025-04-21 14:31:35 +0200
Processing by HomeController#index as HTML
  Rendering layout layouts/application.html.erb
  Rendering home/index.html.erb within layouts/application
  Rendered home/index.html.erb within layouts/application (Duration: 0.3ms | Allocations: 75)
  Rendered layout layouts/application.html.erb (Duration: 549.0ms | Allocations: 102974)
Completed 200 OK in 603ms (Views: 557.1ms | ActiveRecord: 3.0ms | Allocations: 115078)


Started GET "/" for ::1 at 2025-04-21 14:38:58 +0200
Processing by HomeController#index as HTML
  Rendering layout layouts/application.html.erb
  Rendering home/index.html.erb within layouts/application
  Rendered home/index.html.erb within layouts/application (Duration: 0.3ms | Allocations: 77)
  Rendered layout layouts/application.html.erb (Duration: 68.6ms | Allocations: 19980)
Completed 200 OK in 82ms (Views: 70.8ms | ActiveRecord: 0.0ms | Allocations: 25273)


  
ActionController::RoutingError (No route matches [GET] "/assets/tailwindcss"):
  
Started GET "/" for ::1 at 2025-04-21 14:39:38 +0200
  [1m[36mActiveRecord::SchemaMigration Load (0.2ms)[0m  [1m[34mSELECT "schema_migrations"."version" FROM "schema_migrations" ORDER BY "schema_migrations"."version" ASC[0m
Processing by HomeController#index as HTML
  Rendering layout layouts/application.html.erb
  Rendering home/index.html.erb within layouts/application
  Rendered home/index.html.erb within layouts/application (Duration: 0.3ms | Allocations: 165)
  Rendered layout layouts/application.html.erb (Duration: 149.1ms | Allocations: 46199)
Completed 500 Internal Server Error in 201ms (ActiveRecord: 2.7ms | Allocations: 63607)


  
ActionView::Template::Error (Asset `application.css` was not declared to be precompiled in production.
Declare links to your assets in `app/assets/config/manifest.js`.

  //= link application.css

and restart your server):
     6:     <%= csrf_meta_tags %>
     7:     <%= csp_meta_tag %>
     8: 
     9:     <%= stylesheet_link_tag "application", "data-turbo-track": "reload" %>
    10:     <%= javascript_importmap_tags %>
    11:   </head>
    12: 
  
app/views/layouts/application.html.erb:9
Started GET "/" for ::1 at 2025-04-21 14:41:00 +0200
  [1m[36mActiveRecord::SchemaMigration Load (0.2ms)[0m  [1m[34mSELECT "schema_migrations"."version" FROM "schema_migrations" ORDER BY "schema_migrations"."version" ASC[0m
Processing by HomeController#index as HTML
  Rendering layout layouts/application.html.erb
  Rendering home/index.html.erb within layouts/application
  Rendered home/index.html.erb within layouts/application (Duration: 0.3ms | Allocations: 165)
  Rendered layout layouts/application.html.erb (Duration: 151.2ms | Allocations: 43933)
Completed 500 Internal Server Error in 203ms (ActiveRecord: 2.9ms | Allocations: 61341)


  
ActionView::Template::Error (Asset `application.css` was not declared to be precompiled in production.
Declare links to your assets in `app/assets/config/manifest.js`.

  //= link application.css

and restart your server):
     6:     <%= csrf_meta_tags %>
     7:     <%= csp_meta_tag %>
     8: 
     9:     <%= stylesheet_link_tag "application", "data-turbo-track": "reload" %>
    10:     <%= javascript_importmap_tags %>
    11:   </head>
    12: 
  
app/views/layouts/application.html.erb:9
Started GET "/" for ::1 at 2025-04-21 14:47:18 +0200
  [1m[36mActiveRecord::SchemaMigration Load (0.2ms)[0m  [1m[34mSELECT "schema_migrations"."version" FROM "schema_migrations" ORDER BY "schema_migrations"."version" ASC[0m
Processing by HomeController#index as HTML
  Rendering layout layouts/application.html.erb
  Rendering home/index.html.erb within layouts/application
  Rendered home/index.html.erb within layouts/application (Duration: 0.5ms | Allocations: 165)
  Rendered layout layouts/application.html.erb (Duration: 76.5ms | Allocations: 24446)
Completed 500 Internal Server Error in 129ms (ActiveRecord: 3.5ms | Allocations: 41854)


  
ActionView::Template::Error (couldn't find file '../../../tailwind/application.css' under '/Users/sebastian/code/seb-ssabes/my_todo/app/assets/config'
Checked in these paths: 
  /Users/sebastian/code/seb-ssabes/my_todo/app/assets/builds
  /Users/sebastian/code/seb-ssabes/my_todo/app/assets/config
  /Users/sebastian/code/seb-ssabes/my_todo/app/assets/images
  /Users/sebastian/code/seb-ssabes/my_todo/app/assets/stylesheets
  /Users/sebastian/code/seb-ssabes/my_todo/app/assets/tailwind
  /Users/sebastian/.asdf/installs/ruby/3.3.1/lib/ruby/gems/3.3.0/gems/stimulus-rails-1.3.4/app/assets/javascripts
  /Users/sebastian/.asdf/installs/ruby/3.3.1/lib/ruby/gems/3.3.0/gems/turbo-rails-2.0.13/app/assets/javascripts
  /Users/sebastian/.asdf/installs/ruby/3.3.1/lib/ruby/gems/3.3.0/gems/actiontext-7.1.5.1/app/assets/javascripts
  /Users/sebastian/.asdf/installs/ruby/3.3.1/lib/ruby/gems/3.3.0/gems/actiontext-7.1.5.1/app/assets/stylesheets
  /Users/sebastian/.asdf/installs/ruby/3.3.1/lib/ruby/gems/3.3.0/gems/actioncable-7.1.5.1/app/assets/javascripts
  /Users/sebastian/.asdf/installs/ruby/3.3.1/lib/ruby/gems/3.3.0/gems/activestorage-7.1.5.1/app/assets/javascripts
  /Users/sebastian/.asdf/installs/ruby/3.3.1/lib/ruby/gems/3.3.0/gems/actionview-7.1.5.1/app/assets/javascripts
  /Users/sebastian/code/seb-ssabes/my_todo/app/javascript
  /Users/sebastian/code/seb-ssabes/my_todo/vendor/javascript):
  
sprockets (4.2.2) lib/sprockets/resolve.rb:62:in `resolve!'
sprockets (4.2.2) lib/sprockets/directive_processor.rb:427:in `resolve'
sprockets (4.2.2) lib/sprockets/directive_processor.rb:327:in `process_link_directive'
sprockets (4.2.2) lib/sprockets/directive_processor.rb:189:in `block in process_directives'
sprockets (4.2.2) lib/sprockets/directive_processor.rb:187:in `each'
sprockets (4.2.2) lib/sprockets/directive_processor.rb:187:in `process_directives'
sprockets (4.2.2) lib/sprockets/directive_processor.rb:84:in `_call'
sprockets (4.2.2) lib/sprockets/directive_processor.rb:65:in `call'
sprockets (4.2.2) lib/sprockets/processor_utils.rb:84:in `call_processor'
sprockets (4.2.2) lib/sprockets/processor_utils.rb:66:in `block in call_processors'
sprockets (4.2.2) lib/sprockets/processor_utils.rb:65:in `reverse_each'
sprockets (4.2.2) lib/sprockets/processor_utils.rb:65:in `call_processors'
sprockets (4.2.2) lib/sprockets/loader.rb:184:in `load_from_unloaded'
sprockets (4.2.2) lib/sprockets/loader.rb:59:in `block in load'
sprockets (4.2.2) lib/sprockets/loader.rb:339:in `fetch_asset_from_dependency_cache'
sprockets (4.2.2) lib/sprockets/loader.rb:43:in `load'
sprockets (4.2.2) lib/sprockets/cached_environment.rb:44:in `block in load'
concurrent-ruby (1.3.5) lib/concurrent-ruby/concurrent/map.rb:207:in `block in fetch_or_store'
concurrent-ruby (1.3.5) lib/concurrent-ruby/concurrent/map.rb:187:in `fetch'
concurrent-ruby (1.3.5) lib/concurrent-ruby/concurrent/map.rb:206:in `fetch_or_store'
sprockets (4.2.2) lib/sprockets/cached_environment.rb:44:in `load'
sprockets (4.2.2) lib/sprockets/bundle.rb:27:in `call'
sprockets (4.2.2) lib/sprockets/processor_utils.rb:84:in `call_processor'
sprockets (4.2.2) lib/sprockets/processor_utils.rb:66:in `block in call_processors'
sprockets (4.2.2) lib/sprockets/processor_utils.rb:65:in `reverse_each'
sprockets (4.2.2) lib/sprockets/processor_utils.rb:65:in `call_processors'
sprockets (4.2.2) lib/sprockets/loader.rb:184:in `load_from_unloaded'
sprockets (4.2.2) lib/sprockets/loader.rb:59:in `block in load'
sprockets (4.2.2) lib/sprockets/loader.rb:339:in `fetch_asset_from_dependency_cache'
sprockets (4.2.2) lib/sprockets/loader.rb:43:in `load'
sprockets (4.2.2) lib/sprockets/cached_environment.rb:44:in `block in load'
concurrent-ruby (1.3.5) lib/concurrent-ruby/concurrent/map.rb:207:in `block in fetch_or_store'
concurrent-ruby (1.3.5) lib/concurrent-ruby/concurrent/map.rb:187:in `fetch'
concurrent-ruby (1.3.5) lib/concurrent-ruby/concurrent/map.rb:206:in `fetch_or_store'
sprockets (4.2.2) lib/sprockets/cached_environment.rb:44:in `load'
sprockets (4.2.2) lib/sprockets/base.rb:81:in `find_asset'
sprockets (4.2.2) lib/sprockets/base.rb:88:in `find_all_linked_assets'
sprockets (4.2.2) lib/sprockets/manifest.rb:125:in `each'
sprockets (4.2.2) lib/sprockets/manifest.rb:125:in `to_a'
sprockets (4.2.2) lib/sprockets/manifest.rb:125:in `block (2 levels) in find'
concurrent-ruby (1.3.5) lib/concurrent-ruby/concurrent/executor/safe_task_executor.rb:24:in `block in execute'
concurrent-ruby (1.3.5) lib/concurrent-ruby/concurrent/synchronization/mutex_lockable_object.rb:48:in `block in synchronize'
concurrent-ruby (1.3.5) lib/concurrent-ruby/concurrent/synchronization/mutex_lockable_object.rb:48:in `synchronize'
concurrent-ruby (1.3.5) lib/concurrent-ruby/concurrent/synchronization/mutex_lockable_object.rb:48:in `synchronize'
concurrent-ruby (1.3.5) lib/concurrent-ruby/concurrent/executor/safe_task_executor.rb:22:in `execute'
concurrent-ruby (1.3.5) lib/concurrent-ruby/concurrent/promise.rb:564:in `block in realize'
concurrent-ruby (1.3.5) lib/concurrent-ruby/concurrent/executor/ruby_thread_pool_executor.rb:359:in `run_task'
concurrent-ruby (1.3.5) lib/concurrent-ruby/concurrent/executor/ruby_thread_pool_executor.rb:350:in `block (3 levels) in create_worker'
<internal:kernel>:187:in `loop'
concurrent-ruby (1.3.5) lib/concurrent-ruby/concurrent/executor/ruby_thread_pool_executor.rb:341:in `block (2 levels) in create_worker'
concurrent-ruby (1.3.5) lib/concurrent-ruby/concurrent/executor/ruby_thread_pool_executor.rb:340:in `catch'
concurrent-ruby (1.3.5) lib/concurrent-ruby/concurrent/executor/ruby_thread_pool_executor.rb:340:in `block in create_worker'
Started GET "/" for ::1 at 2025-04-21 14:50:01 +0200
  [1m[36mActiveRecord::SchemaMigration Load (0.2ms)[0m  [1m[34mSELECT "schema_migrations"."version" FROM "schema_migrations" ORDER BY "schema_migrations"."version" ASC[0m
Processing by HomeController#index as HTML
  Rendering layout layouts/application.html.erb
  Rendering home/index.html.erb within layouts/application
  Rendered home/index.html.erb within layouts/application (Duration: 0.3ms | Allocations: 165)
  Rendered layout layouts/application.html.erb (Duration: 88.7ms | Allocations: 24438)
Completed 500 Internal Server Error in 139ms (ActiveRecord: 2.5ms | Allocations: 41846)


  
ActionView::Template::Error (couldn't find file '../tailwind/application.css' under '/Users/sebastian/code/seb-ssabes/my_todo/app/assets/config'
Checked in these paths: 
  /Users/sebastian/code/seb-ssabes/my_todo/app/assets/builds
  /Users/sebastian/code/seb-ssabes/my_todo/app/assets/config
  /Users/sebastian/code/seb-ssabes/my_todo/app/assets/images
  /Users/sebastian/code/seb-ssabes/my_todo/app/assets/stylesheets
  /Users/sebastian/code/seb-ssabes/my_todo/app/assets/tailwind
  /Users/sebastian/.asdf/installs/ruby/3.3.1/lib/ruby/gems/3.3.0/gems/stimulus-rails-1.3.4/app/assets/javascripts
  /Users/sebastian/.asdf/installs/ruby/3.3.1/lib/ruby/gems/3.3.0/gems/turbo-rails-2.0.13/app/assets/javascripts
  /Users/sebastian/.asdf/installs/ruby/3.3.1/lib/ruby/gems/3.3.0/gems/actiontext-7.1.5.1/app/assets/javascripts
  /Users/sebastian/.asdf/installs/ruby/3.3.1/lib/ruby/gems/3.3.0/gems/actiontext-7.1.5.1/app/assets/stylesheets
  /Users/sebastian/.asdf/installs/ruby/3.3.1/lib/ruby/gems/3.3.0/gems/actioncable-7.1.5.1/app/assets/javascripts
  /Users/sebastian/.asdf/installs/ruby/3.3.1/lib/ruby/gems/3.3.0/gems/activestorage-7.1.5.1/app/assets/javascripts
  /Users/sebastian/.asdf/installs/ruby/3.3.1/lib/ruby/gems/3.3.0/gems/actionview-7.1.5.1/app/assets/javascripts
  /Users/sebastian/code/seb-ssabes/my_todo/app/javascript
  /Users/sebastian/code/seb-ssabes/my_todo/vendor/javascript):
  
sprockets (4.2.2) lib/sprockets/resolve.rb:62:in `resolve!'
sprockets (4.2.2) lib/sprockets/directive_processor.rb:427:in `resolve'
sprockets (4.2.2) lib/sprockets/directive_processor.rb:327:in `process_link_directive'
sprockets (4.2.2) lib/sprockets/directive_processor.rb:189:in `block in process_directives'
sprockets (4.2.2) lib/sprockets/directive_processor.rb:187:in `each'
sprockets (4.2.2) lib/sprockets/directive_processor.rb:187:in `process_directives'
sprockets (4.2.2) lib/sprockets/directive_processor.rb:84:in `_call'
sprockets (4.2.2) lib/sprockets/directive_processor.rb:65:in `call'
sprockets (4.2.2) lib/sprockets/processor_utils.rb:84:in `call_processor'
sprockets (4.2.2) lib/sprockets/processor_utils.rb:66:in `block in call_processors'
sprockets (4.2.2) lib/sprockets/processor_utils.rb:65:in `reverse_each'
sprockets (4.2.2) lib/sprockets/processor_utils.rb:65:in `call_processors'
sprockets (4.2.2) lib/sprockets/loader.rb:184:in `load_from_unloaded'
sprockets (4.2.2) lib/sprockets/loader.rb:59:in `block in load'
sprockets (4.2.2) lib/sprockets/loader.rb:339:in `fetch_asset_from_dependency_cache'
sprockets (4.2.2) lib/sprockets/loader.rb:43:in `load'
sprockets (4.2.2) lib/sprockets/cached_environment.rb:44:in `block in load'
concurrent-ruby (1.3.5) lib/concurrent-ruby/concurrent/map.rb:207:in `block in fetch_or_store'
concurrent-ruby (1.3.5) lib/concurrent-ruby/concurrent/map.rb:187:in `fetch'
concurrent-ruby (1.3.5) lib/concurrent-ruby/concurrent/map.rb:206:in `fetch_or_store'
sprockets (4.2.2) lib/sprockets/cached_environment.rb:44:in `load'
sprockets (4.2.2) lib/sprockets/bundle.rb:27:in `call'
sprockets (4.2.2) lib/sprockets/processor_utils.rb:84:in `call_processor'
sprockets (4.2.2) lib/sprockets/processor_utils.rb:66:in `block in call_processors'
sprockets (4.2.2) lib/sprockets/processor_utils.rb:65:in `reverse_each'
sprockets (4.2.2) lib/sprockets/processor_utils.rb:65:in `call_processors'
sprockets (4.2.2) lib/sprockets/loader.rb:184:in `load_from_unloaded'
sprockets (4.2.2) lib/sprockets/loader.rb:59:in `block in load'
sprockets (4.2.2) lib/sprockets/loader.rb:339:in `fetch_asset_from_dependency_cache'
sprockets (4.2.2) lib/sprockets/loader.rb:43:in `load'
sprockets (4.2.2) lib/sprockets/cached_environment.rb:44:in `block in load'
concurrent-ruby (1.3.5) lib/concurrent-ruby/concurrent/map.rb:207:in `block in fetch_or_store'
concurrent-ruby (1.3.5) lib/concurrent-ruby/concurrent/map.rb:187:in `fetch'
concurrent-ruby (1.3.5) lib/concurrent-ruby/concurrent/map.rb:206:in `fetch_or_store'
sprockets (4.2.2) lib/sprockets/cached_environment.rb:44:in `load'
sprockets (4.2.2) lib/sprockets/base.rb:81:in `find_asset'
sprockets (4.2.2) lib/sprockets/base.rb:88:in `find_all_linked_assets'
sprockets (4.2.2) lib/sprockets/manifest.rb:125:in `each'
sprockets (4.2.2) lib/sprockets/manifest.rb:125:in `to_a'
sprockets (4.2.2) lib/sprockets/manifest.rb:125:in `block (2 levels) in find'
concurrent-ruby (1.3.5) lib/concurrent-ruby/concurrent/executor/safe_task_executor.rb:24:in `block in execute'
concurrent-ruby (1.3.5) lib/concurrent-ruby/concurrent/synchronization/mutex_lockable_object.rb:48:in `block in synchronize'
concurrent-ruby (1.3.5) lib/concurrent-ruby/concurrent/synchronization/mutex_lockable_object.rb:48:in `synchronize'
concurrent-ruby (1.3.5) lib/concurrent-ruby/concurrent/synchronization/mutex_lockable_object.rb:48:in `synchronize'
concurrent-ruby (1.3.5) lib/concurrent-ruby/concurrent/executor/safe_task_executor.rb:22:in `execute'
concurrent-ruby (1.3.5) lib/concurrent-ruby/concurrent/promise.rb:564:in `block in realize'
concurrent-ruby (1.3.5) lib/concurrent-ruby/concurrent/executor/ruby_thread_pool_executor.rb:359:in `run_task'
concurrent-ruby (1.3.5) lib/concurrent-ruby/concurrent/executor/ruby_thread_pool_executor.rb:350:in `block (3 levels) in create_worker'
<internal:kernel>:187:in `loop'
concurrent-ruby (1.3.5) lib/concurrent-ruby/concurrent/executor/ruby_thread_pool_executor.rb:341:in `block (2 levels) in create_worker'
concurrent-ruby (1.3.5) lib/concurrent-ruby/concurrent/executor/ruby_thread_pool_executor.rb:340:in `catch'
concurrent-ruby (1.3.5) lib/concurrent-ruby/concurrent/executor/ruby_thread_pool_executor.rb:340:in `block in create_worker'
Started GET "/" for ::1 at 2025-04-21 14:50:03 +0200
Processing by HomeController#index as HTML
  Rendering layout layouts/application.html.erb
  Rendering home/index.html.erb within layouts/application
  Rendered home/index.html.erb within layouts/application (Duration: 0.0ms | Allocations: 7)
  Rendered layout layouts/application.html.erb (Duration: 24.8ms | Allocations: 14894)
Completed 500 Internal Server Error in 27ms (ActiveRecord: 0.0ms | Allocations: 15542)


  
ActionView::Template::Error (couldn't find file '../tailwind/application.css' under '/Users/sebastian/code/seb-ssabes/my_todo/app/assets/config'
Checked in these paths: 
  /Users/sebastian/code/seb-ssabes/my_todo/app/assets/builds
  /Users/sebastian/code/seb-ssabes/my_todo/app/assets/config
  /Users/sebastian/code/seb-ssabes/my_todo/app/assets/images
  /Users/sebastian/code/seb-ssabes/my_todo/app/assets/stylesheets
  /Users/sebastian/code/seb-ssabes/my_todo/app/assets/tailwind
  /Users/sebastian/.asdf/installs/ruby/3.3.1/lib/ruby/gems/3.3.0/gems/stimulus-rails-1.3.4/app/assets/javascripts
  /Users/sebastian/.asdf/installs/ruby/3.3.1/lib/ruby/gems/3.3.0/gems/turbo-rails-2.0.13/app/assets/javascripts
  /Users/sebastian/.asdf/installs/ruby/3.3.1/lib/ruby/gems/3.3.0/gems/actiontext-7.1.5.1/app/assets/javascripts
  /Users/sebastian/.asdf/installs/ruby/3.3.1/lib/ruby/gems/3.3.0/gems/actiontext-7.1.5.1/app/assets/stylesheets
  /Users/sebastian/.asdf/installs/ruby/3.3.1/lib/ruby/gems/3.3.0/gems/actioncable-7.1.5.1/app/assets/javascripts
  /Users/sebastian/.asdf/installs/ruby/3.3.1/lib/ruby/gems/3.3.0/gems/activestorage-7.1.5.1/app/assets/javascripts
  /Users/sebastian/.asdf/installs/ruby/3.3.1/lib/ruby/gems/3.3.0/gems/actionview-7.1.5.1/app/assets/javascripts
  /Users/sebastian/code/seb-ssabes/my_todo/app/javascript
  /Users/sebastian/code/seb-ssabes/my_todo/vendor/javascript):
  
sprockets (4.2.2) lib/sprockets/resolve.rb:62:in `resolve!'
sprockets (4.2.2) lib/sprockets/directive_processor.rb:427:in `resolve'
sprockets (4.2.2) lib/sprockets/directive_processor.rb:327:in `process_link_directive'
sprockets (4.2.2) lib/sprockets/directive_processor.rb:189:in `block in process_directives'
sprockets (4.2.2) lib/sprockets/directive_processor.rb:187:in `each'
sprockets (4.2.2) lib/sprockets/directive_processor.rb:187:in `process_directives'
sprockets (4.2.2) lib/sprockets/directive_processor.rb:84:in `_call'
sprockets (4.2.2) lib/sprockets/directive_processor.rb:65:in `call'
sprockets (4.2.2) lib/sprockets/processor_utils.rb:84:in `call_processor'
sprockets (4.2.2) lib/sprockets/processor_utils.rb:66:in `block in call_processors'
sprockets (4.2.2) lib/sprockets/processor_utils.rb:65:in `reverse_each'
sprockets (4.2.2) lib/sprockets/processor_utils.rb:65:in `call_processors'
sprockets (4.2.2) lib/sprockets/loader.rb:184:in `load_from_unloaded'
sprockets (4.2.2) lib/sprockets/loader.rb:59:in `block in load'
sprockets (4.2.2) lib/sprockets/loader.rb:339:in `fetch_asset_from_dependency_cache'
sprockets (4.2.2) lib/sprockets/loader.rb:43:in `load'
sprockets (4.2.2) lib/sprockets/cached_environment.rb:44:in `block in load'
concurrent-ruby (1.3.5) lib/concurrent-ruby/concurrent/map.rb:207:in `block in fetch_or_store'
concurrent-ruby (1.3.5) lib/concurrent-ruby/concurrent/map.rb:187:in `fetch'
concurrent-ruby (1.3.5) lib/concurrent-ruby/concurrent/map.rb:206:in `fetch_or_store'
sprockets (4.2.2) lib/sprockets/cached_environment.rb:44:in `load'
sprockets (4.2.2) lib/sprockets/bundle.rb:27:in `call'
sprockets (4.2.2) lib/sprockets/processor_utils.rb:84:in `call_processor'
sprockets (4.2.2) lib/sprockets/processor_utils.rb:66:in `block in call_processors'
sprockets (4.2.2) lib/sprockets/processor_utils.rb:65:in `reverse_each'
sprockets (4.2.2) lib/sprockets/processor_utils.rb:65:in `call_processors'
sprockets (4.2.2) lib/sprockets/loader.rb:184:in `load_from_unloaded'
sprockets (4.2.2) lib/sprockets/loader.rb:59:in `block in load'
sprockets (4.2.2) lib/sprockets/loader.rb:339:in `fetch_asset_from_dependency_cache'
sprockets (4.2.2) lib/sprockets/loader.rb:43:in `load'
sprockets (4.2.2) lib/sprockets/cached_environment.rb:44:in `block in load'
concurrent-ruby (1.3.5) lib/concurrent-ruby/concurrent/map.rb:207:in `block in fetch_or_store'
concurrent-ruby (1.3.5) lib/concurrent-ruby/concurrent/map.rb:187:in `fetch'
concurrent-ruby (1.3.5) lib/concurrent-ruby/concurrent/map.rb:206:in `fetch_or_store'
sprockets (4.2.2) lib/sprockets/cached_environment.rb:44:in `load'
sprockets (4.2.2) lib/sprockets/base.rb:81:in `find_asset'
sprockets (4.2.2) lib/sprockets/base.rb:88:in `find_all_linked_assets'
sprockets (4.2.2) lib/sprockets/manifest.rb:125:in `each'
sprockets (4.2.2) lib/sprockets/manifest.rb:125:in `to_a'
sprockets (4.2.2) lib/sprockets/manifest.rb:125:in `block (2 levels) in find'
concurrent-ruby (1.3.5) lib/concurrent-ruby/concurrent/executor/safe_task_executor.rb:24:in `block in execute'
concurrent-ruby (1.3.5) lib/concurrent-ruby/concurrent/synchronization/mutex_lockable_object.rb:48:in `block in synchronize'
concurrent-ruby (1.3.5) lib/concurrent-ruby/concurrent/synchronization/mutex_lockable_object.rb:48:in `synchronize'
concurrent-ruby (1.3.5) lib/concurrent-ruby/concurrent/synchronization/mutex_lockable_object.rb:48:in `synchronize'
concurrent-ruby (1.3.5) lib/concurrent-ruby/concurrent/executor/safe_task_executor.rb:22:in `execute'
concurrent-ruby (1.3.5) lib/concurrent-ruby/concurrent/promise.rb:564:in `block in realize'
concurrent-ruby (1.3.5) lib/concurrent-ruby/concurrent/executor/ruby_thread_pool_executor.rb:359:in `run_task'
concurrent-ruby (1.3.5) lib/concurrent-ruby/concurrent/executor/ruby_thread_pool_executor.rb:350:in `block (3 levels) in create_worker'
<internal:kernel>:187:in `loop'
concurrent-ruby (1.3.5) lib/concurrent-ruby/concurrent/executor/ruby_thread_pool_executor.rb:341:in `block (2 levels) in create_worker'
concurrent-ruby (1.3.5) lib/concurrent-ruby/concurrent/executor/ruby_thread_pool_executor.rb:340:in `catch'
concurrent-ruby (1.3.5) lib/concurrent-ruby/concurrent/executor/ruby_thread_pool_executor.rb:340:in `block in create_worker'
Started GET "/" for ::1 at 2025-04-21 14:54:27 +0200
  [1m[36mActiveRecord::SchemaMigration Load (0.2ms)[0m  [1m[34mSELECT "schema_migrations"."version" FROM "schema_migrations" ORDER BY "schema_migrations"."version" ASC[0m
Processing by HomeController#index as HTML
  Rendering layout layouts/application.html.erb
  Rendering home/index.html.erb within layouts/application
  Rendered home/index.html.erb within layouts/application (Duration: 0.3ms | Allocations: 165)
  Rendered layout layouts/application.html.erb (Duration: 138.8ms | Allocations: 42861)
Completed 200 OK in 190ms (Views: 143.2ms | ActiveRecord: 2.7ms | Allocations: 60312)


Started GET "/" for ::1 at 2025-04-21 14:55:59 +0200
Processing by HomeController#index as HTML
  Rendering layout layouts/application.html.erb
  Rendering home/index.html.erb within layouts/application
  Rendered home/index.html.erb within layouts/application (Duration: 0.0ms | Allocations: 7)
  Rendered layout layouts/application.html.erb (Duration: 4.7ms | Allocations: 1569)
Completed 200 OK in 6ms (Views: 5.4ms | ActiveRecord: 0.0ms | Allocations: 1873)


  
ActionController::RoutingError (No route matches [GET] "/assets/tailwindcss"):
  
Started GET "/" for ::1 at 2025-04-21 14:56:23 +0200
  [1m[36mActiveRecord::SchemaMigration Load (0.2ms)[0m  [1m[34mSELECT "schema_migrations"."version" FROM "schema_migrations" ORDER BY "schema_migrations"."version" ASC[0m
Processing by HomeController#index as HTML
  Rendering layout layouts/application.html.erb
  Rendering home/index.html.erb within layouts/application
  Rendered home/index.html.erb within layouts/application (Duration: 0.3ms | Allocations: 165)
  Rendered layout layouts/application.html.erb (Duration: 116.0ms | Allocations: 43157)
Completed 200 OK in 168ms (Views: 120.4ms | ActiveRecord: 2.5ms | Allocations: 60608)


  
ActionController::RoutingError (No route matches [GET] "/assets/tailwindcss"):
  
Started GET "/" for ::1 at 2025-04-21 14:57:54 +0200
  [1m[36mActiveRecord::SchemaMigration Load (0.2ms)[0m  [1m[34mSELECT "schema_migrations"."version" FROM "schema_migrations" ORDER BY "schema_migrations"."version" ASC[0m
Processing by HomeController#index as HTML
  Rendering layout layouts/application.html.erb
  Rendering home/index.html.erb within layouts/application
  Rendered home/index.html.erb within layouts/application (Duration: 0.4ms | Allocations: 165)
  Rendered layout layouts/application.html.erb (Duration: 152.0ms | Allocations: 44479)
Completed 500 Internal Server Error in 204ms (ActiveRecord: 2.8ms | Allocations: 61893)


  
ActionView::Template::Error (Asset `application.css` was not declared to be precompiled in production.
Declare links to your assets in `app/assets/config/manifest.js`.

  //= link application.css

and restart your server):
     7:     <%= csp_meta_tag %>
     8: 
     9:     <%= stylesheet_link_tag "tailwind", "data-turbo-track": "reload" %>
    10:     <%= stylesheet_link_tag "application", "data-turbo-track": "reload" %>
    11:     
    12:     <%= javascript_importmap_tags %>
    13:   </head>
  
app/views/layouts/application.html.erb:10
Started GET "/" for ::1 at 2025-04-21 14:58:25 +0200
Processing by HomeController#index as HTML
  Rendering layout layouts/application.html.erb
  Rendering home/index.html.erb within layouts/application
  Rendered home/index.html.erb within layouts/application (Duration: 0.0ms | Allocations: 7)
  Rendered layout layouts/application.html.erb (Duration: 66.2ms | Allocations: 36703)
Completed 200 OK in 68ms (Views: 66.8ms | ActiveRecord: 0.0ms | Allocations: 37065)


  
ActionController::RoutingError (No route matches [GET] "/assets/tailwindcss"):
  
  [1m[36mActiveRecord::SchemaMigration Load (0.5ms)[0m  [1m[34mSELECT "schema_migrations"."version" FROM "schema_migrations" ORDER BY "schema_migrations"."version" ASC[0m
  [1m[36mTask Load (0.2ms)[0m  [1m[34mSELECT "tasks".* FROM "tasks"[0m
  [1m[36mTRANSACTION (0.1ms)[0m  [1m[36mbegin transaction[0m
  [1m[36mTask Create (2.4ms)[0m  [1m[32mINSERT INTO "tasks" ("title", "description", "status", "due_date", "project_id", "section_id", "created_at", "updated_at") VALUES (?, ?, ?, ?, ?, ?, ?, ?) RETURNING "id"[0m  [["title", "Wash the dishes"], ["description", "Clean all the dishes after lunch"], ["status", "pending"], ["due_date", "2025-04-22"], ["project_id", nil], ["section_id", nil], ["created_at", "2025-04-21 13:59:10.996331"], ["updated_at", "2025-04-21 13:59:10.996331"]]
  [1m[36mTRANSACTION (0.1ms)[0m  [1m[31mrollback transaction[0m
  [1m[36mActiveRecord::SchemaMigration Load (0.2ms)[0m  [1m[34mSELECT "schema_migrations"."version" FROM "schema_migrations" ORDER BY "schema_migrations"."version" ASC[0m
  [1m[36mActiveRecord::InternalMetadata Load (0.1ms)[0m  [1m[34mSELECT * FROM "ar_internal_metadata" WHERE "ar_internal_metadata"."key" = ? ORDER BY "ar_internal_metadata"."key" ASC LIMIT 1[0m  [[nil, "environment"]]
  [1m[36mActiveRecord::SchemaMigration Load (0.0ms)[0m  [1m[34mSELECT "schema_migrations"."version" FROM "schema_migrations" ORDER BY "schema_migrations"."version" ASC[0m
  [1m[36mActiveRecord::InternalMetadata Load (0.2ms)[0m  [1m[34mSELECT * FROM "ar_internal_metadata" WHERE "ar_internal_metadata"."key" = ? ORDER BY "ar_internal_metadata"."key" ASC LIMIT 1[0m  [[nil, "environment"]]
  [1m[36mActiveRecord::SchemaMigration Load (0.1ms)[0m  [1m[34mSELECT "schema_migrations"."version" FROM "schema_migrations" ORDER BY "schema_migrations"."version" ASC[0m
  [1m[36mActiveRecord::InternalMetadata Load (0.1ms)[0m  [1m[34mSELECT * FROM "ar_internal_metadata" WHERE "ar_internal_metadata"."key" = ? ORDER BY "ar_internal_metadata"."key" ASC LIMIT 1[0m  [[nil, "environment"]]
  [1m[35m (1.1ms)[0m  [1m[35mCREATE TABLE "schema_migrations" ("version" varchar NOT NULL PRIMARY KEY)[0m
  [1m[35m (0.3ms)[0m  [1m[35mCREATE TABLE "ar_internal_metadata" ("key" varchar NOT NULL PRIMARY KEY, "value" varchar, "created_at" datetime(6) NOT NULL, "updated_at" datetime(6) NOT NULL)[0m
  [1m[36mActiveRecord::InternalMetadata Load (0.3ms)[0m  [1m[34mSELECT * FROM "ar_internal_metadata" WHERE "ar_internal_metadata"."key" = ? ORDER BY "ar_internal_metadata"."key" ASC LIMIT 1[0m  [[nil, "environment"]]
  [1m[36mActiveRecord::InternalMetadata Create (0.3ms)[0m  [1m[32mINSERT INTO "ar_internal_metadata" ("key", "value", "created_at", "updated_at") VALUES ('environment', 'development', '2025-04-21 14:05:53.663264', '2025-04-21 14:05:53.663270') RETURNING "key"[0m
  [1m[36mActiveRecord::SchemaMigration Load (0.2ms)[0m  [1m[34mSELECT "schema_migrations"."version" FROM "schema_migrations" ORDER BY "schema_migrations"."version" ASC[0m
Migrating to CreateProjects (20250421100018)
  [1m[36mTRANSACTION (0.1ms)[0m  [1m[36mbegin transaction[0m
  [1m[35m (1.9ms)[0m  [1m[35mCREATE TABLE "projects" ("id" integer PRIMARY KEY AUTOINCREMENT NOT NULL, "title" varchar, "description" text, "created_at" datetime(6) NOT NULL, "updated_at" datetime(6) NOT NULL)[0m
  [1m[36mActiveRecord::SchemaMigration Create (0.2ms)[0m  [1m[32mINSERT INTO "schema_migrations" ("version") VALUES ('20250421100018') RETURNING "version"[0m
  [1m[36mTRANSACTION (0.3ms)[0m  [1m[36mcommit transaction[0m
Migrating to CreateSections (20250421100059)
  [1m[36mTRANSACTION (0.1ms)[0m  [1m[36mbegin transaction[0m
  [1m[35m (3.5ms)[0m  [1m[35mCREATE TABLE "sections" ("id" integer PRIMARY KEY AUTOINCREMENT NOT NULL, "title" varchar, "project_id" integer NOT NULL, "created_at" datetime(6) NOT NULL, "updated_at" datetime(6) NOT NULL, CONSTRAINT "fk_rails_e5a4169202"
FOREIGN KEY ("project_id")
  REFERENCES "projects" ("id")
)[0m
  [1m[35m (0.2ms)[0m  [1m[35mCREATE INDEX "index_sections_on_project_id" ON "sections" ("project_id")[0m
  [1m[36mActiveRecord::SchemaMigration Create (0.1ms)[0m  [1m[32mINSERT INTO "schema_migrations" ("version") VALUES ('20250421100059') RETURNING "version"[0m
  [1m[36mTRANSACTION (0.2ms)[0m  [1m[36mcommit transaction[0m
Migrating to CreateTasks (20250421100621)
  [1m[36mTRANSACTION (0.1ms)[0m  [1m[36mbegin transaction[0m
  [1m[35m (1.3ms)[0m  [1m[35mCREATE TABLE "tasks" ("id" integer PRIMARY KEY AUTOINCREMENT NOT NULL, "title" varchar, "description" text, "status" varchar, "due_date" date, "project_id" integer, "section_id" integer, "created_at" datetime(6) NOT NULL, "updated_at" datetime(6) NOT NULL, CONSTRAINT "fk_rails_02e851e3b7"
FOREIGN KEY ("project_id")
  REFERENCES "projects" ("id")
, CONSTRAINT "fk_rails_66797a9001"
FOREIGN KEY ("section_id")
  REFERENCES "sections" ("id")
)[0m
  [1m[35m (0.2ms)[0m  [1m[35mCREATE INDEX "index_tasks_on_project_id" ON "tasks" ("project_id")[0m
  [1m[35m (0.2ms)[0m  [1m[35mCREATE INDEX "index_tasks_on_section_id" ON "tasks" ("section_id")[0m
  [1m[36mActiveRecord::SchemaMigration Create (0.2ms)[0m  [1m[32mINSERT INTO "schema_migrations" ("version") VALUES ('20250421100621') RETURNING "version"[0m
  [1m[36mTRANSACTION (0.3ms)[0m  [1m[36mcommit transaction[0m
  [1m[36mActiveRecord::SchemaMigration Load (0.1ms)[0m  [1m[34mSELECT "schema_migrations"."version" FROM "schema_migrations" ORDER BY "schema_migrations"."version" ASC[0m
  [1m[36mActiveRecord::SchemaMigration Load (0.0ms)[0m  [1m[34mSELECT "schema_migrations"."version" FROM "schema_migrations" ORDER BY "schema_migrations"."version" ASC[0m
  [1m[36mTask Load (0.3ms)[0m  [1m[34mSELECT "tasks".* FROM "tasks"[0m
  [1m[36mTRANSACTION (0.1ms)[0m  [1m[36mbegin transaction[0m
  [1m[36mTask Create (0.2ms)[0m  [1m[32mINSERT INTO "tasks" ("title", "description", "status", "due_date", "project_id", "section_id", "created_at", "updated_at") VALUES (?, ?, ?, ?, ?, ?, ?, ?) RETURNING "id"[0m  [["title", "Wash the dishes"], ["description", "Clean all the dishes after lunch"], ["status", "pending"], ["due_date", "2025-04-22"], ["project_id", nil], ["section_id", nil], ["created_at", "2025-04-21 14:05:53.763375"], ["updated_at", "2025-04-21 14:05:53.763375"]]
  [1m[36mTRANSACTION (0.2ms)[0m  [1m[36mcommit transaction[0m
  [1m[36mTRANSACTION (0.0ms)[0m  [1m[36mbegin transaction[0m
  [1m[36mTask Create (1.1ms)[0m  [1m[32mINSERT INTO "tasks" ("title", "description", "status", "due_date", "project_id", "section_id", "created_at", "updated_at") VALUES (?, ?, ?, ?, ?, ?, ?, ?) RETURNING "id"[0m  [["title", "Do the laundry"], ["description", "Wash and fold clothes"], ["status", "pending"], ["due_date", "2025-04-23"], ["project_id", nil], ["section_id", nil], ["created_at", "2025-04-21 14:05:53.768146"], ["updated_at", "2025-04-21 14:05:53.768146"]]
  [1m[36mTRANSACTION (0.2ms)[0m  [1m[36mcommit transaction[0m
  [1m[36mTRANSACTION (0.1ms)[0m  [1m[36mbegin transaction[0m
  [1m[36mTask Create (2.0ms)[0m  [1m[32mINSERT INTO "tasks" ("title", "description", "status", "due_date", "project_id", "section_id", "created_at", "updated_at") VALUES (?, ?, ?, ?, ?, ?, ?, ?) RETURNING "id"[0m  [["title", "Vacuum the living room"], ["description", "Make sure to get under the couch too"], ["status", "pending"], ["due_date", "2025-04-24"], ["project_id", nil], ["section_id", nil], ["created_at", "2025-04-21 14:05:53.772544"], ["updated_at", "2025-04-21 14:05:53.772544"]]
  [1m[36mTRANSACTION (0.2ms)[0m  [1m[36mcommit transaction[0m
  [1m[36mTask Count (0.1ms)[0m  [1m[34mSELECT COUNT(*) FROM "tasks"[0m
  [1m[36mTask Count (0.1ms)[0m  [1m[34mSELECT COUNT(*) FROM "tasks"[0m
Started GET "/" for ::1 at 2025-04-21 16:08:50 +0200
  [1m[36mActiveRecord::SchemaMigration Load (0.1ms)[0m  [1m[34mSELECT "schema_migrations"."version" FROM "schema_migrations" ORDER BY "schema_migrations"."version" ASC[0m
Processing by HomeController#index as HTML
  Rendering layout layouts/application.html.erb
  Rendering home/index.html.erb within layouts/application
  [1m[36mTask Load (1.7ms)[0m  [1m[34mSELECT "tasks".* FROM "tasks" WHERE "tasks"."project_id" IS NULL AND "tasks"."section_id" IS NULL[0m
  ↳ app/views/home/index.html.erb:11
  Rendered home/index.html.erb within layouts/application (Duration: 14.3ms | Allocations: 2828)
  Rendered layout layouts/application.html.erb (Duration: 50.5ms | Allocations: 19555)
Completed 200 OK in 86ms (Views: 49.9ms | ActiveRecord: 2.7ms | Allocations: 24831)


  
ActionController::RoutingError (No route matches [GET] "/assets/tailwindcss"):
  
Started GET "/" for ::1 at 2025-04-21 16:10:10 +0200
Processing by HomeController#index as HTML
  Rendering layout layouts/application.html.erb
  Rendering home/index.html.erb within layouts/application
  [1m[36mTask Load (0.2ms)[0m  [1m[34mSELECT "tasks".* FROM "tasks" WHERE "tasks"."project_id" IS NULL AND "tasks"."section_id" IS NULL[0m
  ↳ app/views/home/index.html.erb:13
  Rendered home/index.html.erb within layouts/application (Duration: 4.5ms | Allocations: 2122)
  Rendered layout layouts/application.html.erb (Duration: 31.0ms | Allocations: 18859)
Completed 200 OK in 44ms (Views: 32.8ms | ActiveRecord: 3.6ms | Allocations: 24821)


  
ActionController::RoutingError (No route matches [GET] "/assets/tailwindcss"):
  
Started GET "/" for ::1 at 2025-04-21 16:15:14 +0200
Processing by HomeController#index as HTML
  Rendering layout layouts/application.html.erb
  Rendering home/index.html.erb within layouts/application
  [1m[36mTask Load (0.3ms)[0m  [1m[34mSELECT "tasks".* FROM "tasks" WHERE "tasks"."project_id" IS NULL AND "tasks"."section_id" IS NULL[0m
  ↳ app/views/home/index.html.erb:14
  Rendered home/index.html.erb within layouts/application (Duration: 5.8ms | Allocations: 2113)
  Rendered layout layouts/application.html.erb (Duration: 44.8ms | Allocations: 20075)
Completed 200 OK in 60ms (Views: 46.6ms | ActiveRecord: 3.1ms | Allocations: 26037)


  
ActionController::RoutingError (No route matches [GET] "/assets/tailwindcss"):
  
Started POST "/tasks" for ::1 at 2025-04-21 16:15:27 +0200
Processing by TasksController#create as TURBO_STREAM
  Parameters: {"authenticity_token"=>"[FILTERED]", "task"=>{"title"=>"", "status"=>"pending"}, "commit"=>"Add"}
Redirected to http://localhost:3000/
Completed 302 Found in 6ms (ActiveRecord: 0.0ms | Allocations: 1465)


Started GET "/" for ::1 at 2025-04-21 16:15:27 +0200
Processing by HomeController#index as TURBO_STREAM
  Rendering layout layouts/application.html.erb
  Rendering home/index.html.erb within layouts/application
  [1m[36mTask Load (0.2ms)[0m  [1m[34mSELECT "tasks".* FROM "tasks" WHERE "tasks"."project_id" IS NULL AND "tasks"."section_id" IS NULL[0m
  ↳ app/views/home/index.html.erb:14
  Rendered home/index.html.erb within layouts/application (Duration: 4.1ms | Allocations: 1671)
  Rendered layout layouts/application.html.erb (Duration: 10.0ms | Allocations: 3248)
Completed 200 OK in 11ms (Views: 10.3ms | ActiveRecord: 0.2ms | Allocations: 3597)


Started POST "/tasks" for ::1 at 2025-04-21 16:15:28 +0200
Processing by TasksController#create as TURBO_STREAM
  Parameters: {"authenticity_token"=>"[FILTERED]", "task"=>{"title"=>"", "status"=>"pending"}, "commit"=>"Add"}
Redirected to http://localhost:3000/
Completed 302 Found in 2ms (ActiveRecord: 0.0ms | Allocations: 997)


Started GET "/" for ::1 at 2025-04-21 16:15:28 +0200
Processing by HomeController#index as TURBO_STREAM
  Rendering layout layouts/application.html.erb
  Rendering home/index.html.erb within layouts/application
  [1m[36mTask Load (0.1ms)[0m  [1m[34mSELECT "tasks".* FROM "tasks" WHERE "tasks"."project_id" IS NULL AND "tasks"."section_id" IS NULL[0m
  ↳ app/views/home/index.html.erb:14
  Rendered home/index.html.erb within layouts/application (Duration: 3.3ms | Allocations: 1664)
  Rendered layout layouts/application.html.erb (Duration: 6.3ms | Allocations: 3232)
Completed 200 OK in 9ms (Views: 6.7ms | ActiveRecord: 0.1ms | Allocations: 3536)


Started POST "/tasks" for ::1 at 2025-04-21 16:15:39 +0200
Processing by TasksController#create as TURBO_STREAM
  Parameters: {"authenticity_token"=>"[FILTERED]", "task"=>{"title"=>"ff", "status"=>"pending"}, "commit"=>"Add"}
  [1m[36mTRANSACTION (0.1ms)[0m  [1m[36mbegin transaction[0m
  ↳ app/controllers/tasks_controller.rb:16:in `create'
  [1m[36mTask Create (1.3ms)[0m  [1m[32mINSERT INTO "tasks" ("title", "description", "status", "due_date", "project_id", "section_id", "created_at", "updated_at") VALUES (?, ?, ?, ?, ?, ?, ?, ?) RETURNING "id"[0m  [["title", "ff"], ["description", nil], ["status", "pending"], ["due_date", nil], ["project_id", nil], ["section_id", nil], ["created_at", "2025-04-21 14:15:39.234071"], ["updated_at", "2025-04-21 14:15:39.234071"]]
  ↳ app/controllers/tasks_controller.rb:16:in `create'
  [1m[36mTRANSACTION (0.6ms)[0m  [1m[36mcommit transaction[0m
  ↳ app/controllers/tasks_controller.rb:16:in `create'
Redirected to http://localhost:3000/
Completed 302 Found in 7ms (ActiveRecord: 1.9ms | Allocations: 3471)


Started GET "/" for ::1 at 2025-04-21 16:15:39 +0200
Processing by HomeController#index as TURBO_STREAM
  Rendering layout layouts/application.html.erb
  Rendering home/index.html.erb within layouts/application
  [1m[36mTask Load (0.1ms)[0m  [1m[34mSELECT "tasks".* FROM "tasks" WHERE "tasks"."project_id" IS NULL AND "tasks"."section_id" IS NULL[0m
  ↳ app/views/home/index.html.erb:14
  Rendered home/index.html.erb within layouts/application (Duration: 3.9ms | Allocations: 1938)
  Rendered layout layouts/application.html.erb (Duration: 8.2ms | Allocations: 3506)
Completed 200 OK in 9ms (Views: 8.5ms | ActiveRecord: 0.1ms | Allocations: 3811)


Started DELETE "/tasks/4" for ::1 at 2025-04-21 16:15:42 +0200
Processing by TasksController#destroy as TURBO_STREAM
  Parameters: {"authenticity_token"=>"[FILTERED]", "id"=>"4"}
  [1m[36mTask Load (0.2ms)[0m  [1m[34mSELECT "tasks".* FROM "tasks" WHERE "tasks"."id" = ? LIMIT ?[0m  [["id", 4], ["LIMIT", 1]]
  ↳ app/controllers/tasks_controller.rb:37:in `destroy'
  [1m[36mTRANSACTION (0.0ms)[0m  [1m[36mbegin transaction[0m
  ↳ app/controllers/tasks_controller.rb:38:in `destroy'
  [1m[36mTask Destroy (0.9ms)[0m  [1m[31mDELETE FROM "tasks" WHERE "tasks"."id" = ?[0m  [["id", 4]]
  ↳ app/controllers/tasks_controller.rb:38:in `destroy'
  [1m[36mTRANSACTION (0.1ms)[0m  [1m[36mcommit transaction[0m
  ↳ app/controllers/tasks_controller.rb:38:in `destroy'
Redirected to http://localhost:3000/
Completed 302 Found in 8ms (ActiveRecord: 1.2ms | Allocations: 3480)


Started GET "/" for ::1 at 2025-04-21 16:15:42 +0200
Processing by HomeController#index as TURBO_STREAM
  Rendering layout layouts/application.html.erb
  Rendering home/index.html.erb within layouts/application
  [1m[36mTask Load (0.1ms)[0m  [1m[34mSELECT "tasks".* FROM "tasks" WHERE "tasks"."project_id" IS NULL AND "tasks"."section_id" IS NULL[0m
  ↳ app/views/home/index.html.erb:14
  Rendered home/index.html.erb within layouts/application (Duration: 3.0ms | Allocations: 1664)
  Rendered layout layouts/application.html.erb (Duration: 6.8ms | Allocations: 3232)
Completed 200 OK in 8ms (Views: 7.2ms | ActiveRecord: 0.1ms | Allocations: 3536)


Started GET "/" for ::1 at 2025-04-21 16:16:28 +0200
Processing by HomeController#index as HTML
  Rendering layout layouts/application.html.erb
  Rendering home/index.html.erb within layouts/application
  [1m[36mTask Load (0.3ms)[0m  [1m[34mSELECT "tasks".* FROM "tasks" WHERE "tasks"."project_id" IS NULL AND "tasks"."section_id" IS NULL[0m
  ↳ app/views/home/index.html.erb:6
  Rendered home/index.html.erb within layouts/application (Duration: 6.2ms | Allocations: 2149)
  Rendered layout layouts/application.html.erb (Duration: 36.3ms | Allocations: 20064)
Completed 200 OK in 66ms (Views: 38.0ms | ActiveRecord: 12.2ms | Allocations: 26021)


  
ActionController::RoutingError (No route matches [GET] "/assets/tailwindcss"):
  
Started POST "/tasks" for ::1 at 2025-04-21 16:16:38 +0200
Processing by TasksController#create as TURBO_STREAM
  Parameters: {"authenticity_token"=>"[FILTERED]", "task"=>{"title"=>"Hola", "status"=>"pending"}, "commit"=>"Add"}
  [1m[36mTRANSACTION (0.1ms)[0m  [1m[36mbegin transaction[0m
  ↳ app/controllers/tasks_controller.rb:16:in `create'
  [1m[36mTask Create (1.1ms)[0m  [1m[32mINSERT INTO "tasks" ("title", "description", "status", "due_date", "project_id", "section_id", "created_at", "updated_at") VALUES (?, ?, ?, ?, ?, ?, ?, ?) RETURNING "id"[0m  [["title", "Hola"], ["description", nil], ["status", "pending"], ["due_date", nil], ["project_id", nil], ["section_id", nil], ["created_at", "2025-04-21 14:16:38.531946"], ["updated_at", "2025-04-21 14:16:38.531946"]]
  ↳ app/controllers/tasks_controller.rb:16:in `create'
  [1m[36mTRANSACTION (0.5ms)[0m  [1m[36mcommit transaction[0m
  ↳ app/controllers/tasks_controller.rb:16:in `create'
Redirected to http://localhost:3000/
Completed 302 Found in 5ms (ActiveRecord: 1.6ms | Allocations: 2194)


Started GET "/" for ::1 at 2025-04-21 16:16:38 +0200
Processing by HomeController#index as TURBO_STREAM
  Rendering layout layouts/application.html.erb
  Rendering home/index.html.erb within layouts/application
  [1m[36mTask Load (0.1ms)[0m  [1m[34mSELECT "tasks".* FROM "tasks" WHERE "tasks"."project_id" IS NULL AND "tasks"."section_id" IS NULL[0m
  ↳ app/views/home/index.html.erb:6
  Rendered home/index.html.erb within layouts/application (Duration: 3.3ms | Allocations: 1913)
  Rendered layout layouts/application.html.erb (Duration: 6.6ms | Allocations: 3490)
Completed 200 OK in 8ms (Views: 7.1ms | ActiveRecord: 0.1ms | Allocations: 3837)


Started PATCH "/tasks/2" for ::1 at 2025-04-21 16:16:43 +0200
Processing by TasksController#update as TURBO_STREAM
  Parameters: {"authenticity_token"=>"[FILTERED]", "task"=>{"status"=>"done"}, "id"=>"2"}
  [1m[36mTask Load (0.2ms)[0m  [1m[34mSELECT "tasks".* FROM "tasks" WHERE "tasks"."id" = ? LIMIT ?[0m  [["id", 2], ["LIMIT", 1]]
  ↳ app/controllers/tasks_controller.rb:28:in `update'
  [1m[36mTRANSACTION (0.1ms)[0m  [1m[36mbegin transaction[0m
  ↳ app/controllers/tasks_controller.rb:29:in `update'
  [1m[36mTask Update (1.0ms)[0m  [1m[33mUPDATE "tasks" SET "status" = ?, "updated_at" = ? WHERE "tasks"."id" = ?[0m  [["status", "done"], ["updated_at", "2025-04-21 14:16:43.495058"], ["id", 2]]
  ↳ app/controllers/tasks_controller.rb:29:in `update'
  [1m[36mTRANSACTION (0.1ms)[0m  [1m[36mcommit transaction[0m
  ↳ app/controllers/tasks_controller.rb:29:in `update'
Redirected to http://localhost:3000/
Completed 302 Found in 7ms (ActiveRecord: 1.3ms | Allocations: 3146)


Started GET "/" for ::1 at 2025-04-21 16:16:43 +0200
Processing by HomeController#index as TURBO_STREAM
  Rendering layout layouts/application.html.erb
  Rendering home/index.html.erb within layouts/application
  [1m[36mTask Load (0.1ms)[0m  [1m[34mSELECT "tasks".* FROM "tasks" WHERE "tasks"."project_id" IS NULL AND "tasks"."section_id" IS NULL[0m
  ↳ app/views/home/index.html.erb:6
  Rendered home/index.html.erb within layouts/application (Duration: 6.9ms | Allocations: 1934)
  Rendered layout layouts/application.html.erb (Duration: 9.9ms | Allocations: 3511)
Completed 200 OK in 11ms (Views: 10.2ms | ActiveRecord: 0.1ms | Allocations: 3816)


Started PATCH "/tasks/2" for ::1 at 2025-04-21 16:16:44 +0200
Processing by TasksController#update as TURBO_STREAM
  Parameters: {"authenticity_token"=>"[FILTERED]", "task"=>{"status"=>"done"}, "id"=>"2"}
  [1m[36mTask Load (3.1ms)[0m  [1m[34mSELECT "tasks".* FROM "tasks" WHERE "tasks"."id" = ? LIMIT ?[0m  [["id", 2], ["LIMIT", 1]]
  ↳ app/controllers/tasks_controller.rb:28:in `update'
Redirected to http://localhost:3000/
Completed 302 Found in 7ms (ActiveRecord: 3.1ms | Allocations: 914)


Started GET "/" for ::1 at 2025-04-21 16:16:44 +0200
Processing by HomeController#index as TURBO_STREAM
  Rendering layout layouts/application.html.erb
  Rendering home/index.html.erb within layouts/application
  [1m[36mTask Load (0.1ms)[0m  [1m[34mSELECT "tasks".* FROM "tasks" WHERE "tasks"."project_id" IS NULL AND "tasks"."section_id" IS NULL[0m
  ↳ app/views/home/index.html.erb:6
  Rendered home/index.html.erb within layouts/application (Duration: 3.4ms | Allocations: 1934)
  Rendered layout layouts/application.html.erb (Duration: 7.3ms | Allocations: 3510)
Completed 200 OK in 9ms (Views: 7.8ms | ActiveRecord: 0.1ms | Allocations: 3814)


  
ActionController::RoutingError (No route matches [GET] "/assets/tailwindcss"):
  
Started GET "/" for ::1 at 2025-04-21 16:30:07 +0200
Processing by HomeController#index as HTML
  Rendering layout layouts/application.html.erb
  Rendering home/index.html.erb within layouts/application
  [1m[36mTask Load (2.6ms)[0m  [1m[34mSELECT "tasks".* FROM "tasks" WHERE "tasks"."project_id" IS NULL AND "tasks"."section_id" IS NULL[0m
  ↳ app/views/home/index.html.erb:8
  Rendered home/index.html.erb within layouts/application (Duration: 8.0ms | Allocations: 2584)
  Rendered layout layouts/application.html.erb (Duration: 56.8ms | Allocations: 21677)
Completed 200 OK in 72ms (Views: 55.4ms | ActiveRecord: 3.5ms | Allocations: 26967)


  
ActionController::RoutingError (No route matches [GET] "/assets/tailwindcss"):
  
  
ActionController::RoutingError (No route matches [GET] "/assets/font-awesome"):
  
Started GET "/" for ::1 at 2025-04-21 16:30:28 +0200
Processing by HomeController#index as HTML
  Rendering layout layouts/application.html.erb
  Rendering home/index.html.erb within layouts/application
  [1m[36mTask Load (0.2ms)[0m  [1m[34mSELECT "tasks".* FROM "tasks" WHERE "tasks"."project_id" IS NULL AND "tasks"."section_id" IS NULL[0m
  ↳ app/views/home/index.html.erb:7
  Rendered home/index.html.erb within layouts/application (Duration: 5.1ms | Allocations: 2400)
  Rendered layout layouts/application.html.erb (Duration: 25.4ms | Allocations: 19127)
Completed 200 OK in 39ms (Views: 27.7ms | ActiveRecord: 3.9ms | Allocations: 25085)


  
ActionController::RoutingError (No route matches [GET] "/assets/tailwindcss"):
  
  
ActionController::RoutingError (No route matches [GET] "/assets/font-awesome"):
  
Started GET "/" for ::1 at 2025-04-21 16:31:14 +0200
  [1m[36mActiveRecord::SchemaMigration Load (0.2ms)[0m  [1m[34mSELECT "schema_migrations"."version" FROM "schema_migrations" ORDER BY "schema_migrations"."version" ASC[0m
Processing by HomeController#index as HTML
  Rendering layout layouts/application.html.erb
  Rendering home/index.html.erb within layouts/application
  [1m[36mTask Load (0.2ms)[0m  [1m[34mSELECT "tasks".* FROM "tasks" WHERE "tasks"."project_id" IS NULL AND "tasks"."section_id" IS NULL[0m
  ↳ app/views/home/index.html.erb:7
  Rendered home/index.html.erb within layouts/application (Duration: 19.2ms | Allocations: 4191)
  Rendered layout layouts/application.html.erb (Duration: 546.3ms | Allocations: 117822)
Completed 200 OK in 594ms (Views: 550.3ms | ActiveRecord: 3.4ms | Allocations: 135254)


  
ActionController::RoutingError (No route matches [GET] "/assets/font-awesome"):
  
Started GET "/" for ::1 at 2025-04-21 16:54:47 +0200
  [1m[36mActiveRecord::SchemaMigration Load (0.2ms)[0m  [1m[34mSELECT "schema_migrations"."version" FROM "schema_migrations" ORDER BY "schema_migrations"."version" ASC[0m
Processing by HomeController#index as HTML
  Rendering layout layouts/application.html.erb
  Rendering home/index.html.erb within layouts/application
  [1m[36mTask Load (0.2ms)[0m  [1m[34mSELECT "tasks".* FROM "tasks" WHERE "tasks"."project_id" IS NULL AND "tasks"."section_id" IS NULL[0m
  ↳ app/views/home/index.html.erb:7
  Rendered home/index.html.erb within layouts/application (Duration: 17.6ms | Allocations: 4214)
  Rendered layout layouts/application.html.erb (Duration: 2104.0ms | Allocations: 115319)
Completed 200 OK in 2152ms (Views: 2108.8ms | ActiveRecord: 5.7ms | Allocations: 132753)


Started GET "/" for ::1 at 2025-04-21 16:55:25 +0200
Processing by HomeController#index as HTML
  Rendering layout layouts/application.html.erb
  Rendering home/index.html.erb within layouts/application
  [1m[36mTask Load (0.1ms)[0m  [1m[34mSELECT "tasks".* FROM "tasks" WHERE "tasks"."project_id" IS NULL AND "tasks"."section_id" IS NULL[0m
  ↳ app/views/home/index.html.erb:7
  Rendered home/index.html.erb within layouts/application (Duration: 6.7ms | Allocations: 1943)
  Rendered layout layouts/application.html.erb (Duration: 23.9ms | Allocations: 5273)
Completed 200 OK in 25ms (Views: 24.3ms | ActiveRecord: 0.1ms | Allocations: 5600)


Started GET "/" for ::1 at 2025-04-21 16:55:35 +0200
Processing by HomeController#index as HTML
  Rendering layout layouts/application.html.erb
  Rendering home/index.html.erb within layouts/application
  [1m[36mTask Load (0.2ms)[0m  [1m[34mSELECT "tasks".* FROM "tasks" WHERE "tasks"."project_id" IS NULL AND "tasks"."section_id" IS NULL[0m
  ↳ app/views/home/index.html.erb:7
  Rendered home/index.html.erb within layouts/application (Duration: 6.3ms | Allocations: 1943)
  Rendered layout layouts/application.html.erb (Duration: 13.4ms | Allocations: 6162)
Completed 200 OK in 15ms (Views: 14.2ms | ActiveRecord: 0.1ms | Allocations: 6465)


